Using pre-set license
Built from '2022.1/staging' branch; Version is '2022.1.16f1 (7321c9670bc2) revision 7545289'; Using compiler version '192829333'; Build Type 'Release'
OS: 'Windows 10  (10.0.19045) 64bit Education' Language: 'en' Physical Memory: 8117 MB
BatchMode: 1, IsHumanControllingUs: 0, StartBugReporterOnCrash: 0, Is64bit: 1, IsPro: 1

COMMAND LINE ARGUMENTS:
C:\Program Files\Unity\Hub\Editor\2022.1.16f1\Editor\Unity.exe
-adb2
-batchMode
-noUpm
-name
AssetImportWorker1
-projectPath
D:/FMP/FMP game
-logFile
Logs/AssetImportWorker1.log
-srvPort
59614
Successfully changed project path to: D:/FMP/FMP game
D:/FMP/FMP game
[UnityMemory] Configuration Parameters - Can be set up in boot.config
    "memorysetup-bucket-allocator-granularity=16"
    "memorysetup-bucket-allocator-bucket-count=8"
    "memorysetup-bucket-allocator-block-size=33554432"
    "memorysetup-bucket-allocator-block-count=8"
    "memorysetup-main-allocator-block-size=16777216"
    "memorysetup-thread-allocator-block-size=16777216"
    "memorysetup-gfx-main-allocator-block-size=16777216"
    "memorysetup-gfx-thread-allocator-block-size=16777216"
    "memorysetup-cache-allocator-block-size=4194304"
    "memorysetup-typetree-allocator-block-size=2097152"
    "memorysetup-profiler-bucket-allocator-granularity=16"
    "memorysetup-profiler-bucket-allocator-bucket-count=8"
    "memorysetup-profiler-bucket-allocator-block-size=33554432"
    "memorysetup-profiler-bucket-allocator-block-count=8"
    "memorysetup-profiler-allocator-block-size=16777216"
    "memorysetup-profiler-editor-allocator-block-size=1048576"
    "memorysetup-temp-allocator-size-main=16777216"
    "memorysetup-job-temp-allocator-block-size=2097152"
    "memorysetup-job-temp-allocator-block-size-background=1048576"
    "memorysetup-job-temp-allocator-reduction-small-platforms=262144"
    "memorysetup-temp-allocator-size-background-worker=32768"
    "memorysetup-temp-allocator-size-job-worker=262144"
    "memorysetup-temp-allocator-size-preload-manager=33554432"
    "memorysetup-temp-allocator-size-nav-mesh-worker=65536"
    "memorysetup-temp-allocator-size-audio-worker=65536"
    "memorysetup-temp-allocator-size-cloud-worker=32768"
    "memorysetup-temp-allocator-size-gi-baking-worker=262144"
    "memorysetup-temp-allocator-size-gfx=262144"
Refreshing native plugins compatible for Editor in 256.23 ms, found 4 plugins.
Preloading 0 native plugins for Editor in 0.00 ms.
Initialize engine version: 2022.1.16f1 (7321c9670bc2)
[Subsystems] Discovering subsystems at path C:/Program Files/Unity/Hub/Editor/2022.1.16f1/Editor/Data/Resources/UnitySubsystems
[Subsystems] Discovering subsystems at path D:/FMP/FMP game/Assets
GfxDevice: creating device client; threaded=0; jobified=0
Direct3D:
    Version:  Direct3D 11.0 [level 11.1]
    Renderer: NVIDIA GeForce GTX 1650 (ID=0x2188)
    Vendor:   NVIDIA
    VRAM:     3962 MB
    Driver:   31.0.15.1694
Initialize mono
Mono path[0] = 'C:/Program Files/Unity/Hub/Editor/2022.1.16f1/Editor/Data/Managed'
Mono path[1] = 'C:/Program Files/Unity/Hub/Editor/2022.1.16f1/Editor/Data/MonoBleedingEdge/lib/mono/unityjit-win32'
Mono config path = 'C:/Program Files/Unity/Hub/Editor/2022.1.16f1/Editor/Data/MonoBleedingEdge/etc'
Using monoOptions --debugger-agent=transport=dt_socket,embedding=1,server=y,suspend=n,address=127.0.0.1:56956
Begin MonoManager ReloadAssembly
Registering precompiled unity dll's ...
Register platform support module: C:/Program Files/Unity/Hub/Editor/2022.1.16f1/Editor/Data/PlaybackEngines/WebGLSupport/UnityEditor.WebGL.Extensions.dll
Register platform support module: C:/Program Files/Unity/Hub/Editor/2022.1.16f1/Editor/Data/PlaybackEngines/MacStandaloneSupport/UnityEditor.OSXStandalone.Extensions.dll
Register platform support module: C:/Program Files/Unity/Hub/Editor/2022.1.16f1/Editor/Data/PlaybackEngines/AndroidPlayer/UnityEditor.Android.Extensions.dll
Register platform support module: C:/Program Files/Unity/Hub/Editor/2022.1.16f1/Editor/Data/PlaybackEngines/iOSSupport/UnityEditor.iOS.Extensions.dll
Register platform support module: C:/Program Files/Unity/Hub/Editor/2022.1.16f1/Editor/Data/PlaybackEngines/AppleTVSupport/UnityEditor.AppleTV.Extensions.dll
Register platform support module: C:/Program Files/Unity/Hub/Editor/2022.1.16f1/Editor/Data/PlaybackEngines/WindowsStandaloneSupport/UnityEditor.WindowsStandalone.Extensions.dll
Register platform support module: C:/Program Files/Unity/Hub/Editor/2022.1.16f1/Editor/Data/PlaybackEngines/LinuxStandaloneSupport/UnityEditor.LinuxStandalone.Extensions.dll
Register platform support module: C:/Program Files/Unity/Hub/Editor/2022.1.16f1/Editor/Data/PlaybackEngines/MetroSupport/UnityEditor.UWP.Extensions.dll
Registered in 0.029884 seconds.
Native extension for UWP target not found
Native extension for LinuxStandalone target not found
Native extension for WindowsStandalone target not found
[usbmuxd] Start listen thread
[usbmuxd] Listen thread started
Native extension for AppleTV target not found
[usbmuxd] Start listen thread
[usbmuxd] Listen thread started
Native extension for iOS target not found
Native extension for Android target not found
Native extension for OSXStandalone target not found
Native extension for WebGL target not found
Refreshing native plugins compatible for Editor in 99.37 ms, found 4 plugins.
Preloading 0 native plugins for Editor in 0.00 ms.
Mono: successfully reloaded assembly
- Completed reload, in  0.905 seconds
Domain Reload Profiling:
	ReloadAssembly (906ms)
		BeginReloadAssembly (188ms)
			ExecutionOrderSort (0ms)
			DisableScriptedObjects (0ms)
			BackupInstance (0ms)
			ReleaseScriptingObjects (0ms)
			CreateAndSetChildDomain (1ms)
		EndReloadAssembly (569ms)
			LoadAssemblies (193ms)
			RebuildTransferFunctionScriptingTraits (0ms)
			SetupTypeCache (133ms)
				TypeCache.Initialize (132ms)
					TypeCache.ScanAssembly (131ms)
				ResolveRequiredComponents (1ms)
			ReleaseScriptCaches (0ms)
			RebuildScriptCaches (27ms)
			SetupLoadedEditorAssemblies (340ms)
				LogAssemblyErrors (0ms)
				InitializePlatformSupportModulesInManaged (79ms)
				SetLoadedEditorAssemblies (7ms)
				RefreshPlugins (99ms)
				BeforeProcessingInitializeOnLoad (1ms)
				ProcessInitializeOnLoadAttributes (102ms)
				ProcessInitializeOnLoadMethodAttributes (51ms)
				AfterProcessingInitializeOnLoad (0ms)
				EditorAssembliesLoaded (0ms)
			ExecutionOrderSort2 (0ms)
			AwakeInstancesAfterBackupRestoration (0ms)
Platform modules already initialized, skipping
Registering precompiled user dll's ...
Registered in 0.005217 seconds.
Begin MonoManager ReloadAssembly
Symbol file LoadedFromMemory doesn't match image D:\FMP\FMP game\Library\PackageCache\com.unity.visualscripting@1.7.8\Editor\VisualScripting.Core\Dependencies\YamlDotNet\Unity.VisualScripting.YamlDotNet.dll
Symbol file LoadedFromMemory doesn't match image D:\FMP\FMP game\Library\PackageCache\com.unity.visualscripting@1.7.8\Editor\VisualScripting.Core\Dependencies\DotNetZip\Unity.VisualScripting.IonicZip.dll
Native extension for UWP target not found
Native extension for LinuxStandalone target not found
Native extension for WindowsStandalone target not found
Native extension for AppleTV target not found
Native extension for iOS target not found
Native extension for Android target not found
Native extension for OSXStandalone target not found
Native extension for WebGL target not found
Refreshing native plugins compatible for Editor in 92.34 ms, found 4 plugins.
Preloading 0 native plugins for Editor in 0.00 ms.
Mono: successfully reloaded assembly
- Completed reload, in  1.678 seconds
Domain Reload Profiling:
	ReloadAssembly (1679ms)
		BeginReloadAssembly (134ms)
			ExecutionOrderSort (0ms)
			DisableScriptedObjects (5ms)
			BackupInstance (0ms)
			ReleaseScriptingObjects (0ms)
			CreateAndSetChildDomain (23ms)
		EndReloadAssembly (1403ms)
			LoadAssemblies (530ms)
			RebuildTransferFunctionScriptingTraits (0ms)
			SetupTypeCache (263ms)
				TypeCache.Initialize (259ms)
					TypeCache.ScanAssembly (254ms)
				ResolveRequiredComponents (4ms)
			ReleaseScriptCaches (1ms)
			RebuildScriptCaches (57ms)
			SetupLoadedEditorAssemblies (515ms)
				LogAssemblyErrors (0ms)
				InitializePlatformSupportModulesInManaged (35ms)
				SetLoadedEditorAssemblies (6ms)
				RefreshPlugins (92ms)
				BeforeProcessingInitializeOnLoad (99ms)
				ProcessInitializeOnLoadAttributes (229ms)
				ProcessInitializeOnLoadMethodAttributes (37ms)
				AfterProcessingInitializeOnLoad (16ms)
				EditorAssembliesLoaded (0ms)
			ExecutionOrderSort2 (0ms)
			AwakeInstancesAfterBackupRestoration (6ms)
Platform modules already initialized, skipping
========================================================================
Worker process is ready to serve import requests
Launched and connected shader compiler UnityShaderCompiler.exe after 0.06 seconds
Refreshing native plugins compatible for Editor in 1.01 ms, found 4 plugins.
Preloading 0 native plugins for Editor in 0.00 ms.
Unloading 4103 Unused Serialized files (Serialized files now loaded: 0)
Unloading 39 unused Assets / (58.2 KB). Loaded Objects now: 4563.
Memory consumption went from 0.62 GB to 0.62 GB.
Total: 4.332500 ms (FindLiveObjects: 0.725500 ms CreateObjectMapping: 0.255500 ms MarkObjects: 3.207300 ms  DeleteObjects: 0.143000 ms)

AssetImportParameters requested are different than current active one (requested -> active):
  custom:video-decoder-ogg-theora: a1e56fd34408186e4bbccfd4996cb3dc -> 
  custom:container-muxer-webm: aa71ff27fc2769a1b78a27578f13a17b -> 
  custom:container-demuxer-webm: 4f35f7cbe854078d1ac9338744f61a02 -> 
  custom:video-encoder-webm-vp8: eb34c28f22e8b96e1ab97ce403110664 -> 
  custom:audio-encoder-webm-vorbis: bf7c407c2cedff20999df2af8eb42d56 -> 
  custom:framework-win-MediaFoundation: 216162199b28c13a410421893ffa2e32 -> 
  custom:container-demuxer-ogg: 62fdf1f143b41e24485cea50d1cbac27 -> 
  custom:video-decoder-webm-vp8: 9c59270c3fd7afecdb556c50c9e8de78 -> 
  custom:audio-decoder-ogg-vorbis: bf7c407c2cedff20999df2af8eb42d56 -> 
========================================================================
Received Import Request.
  Time since last request: 607014.671772 seconds.
  path: Assets/Tiles/tilesheetmain.png
  artifactKey: Guid(31c8d0f1affdcd84396c6b915f91b8fc) Importer(815301076,1909f56bfc062723c751e8b465ee728b)
Start importing Assets/Tiles/tilesheetmain.png using Guid(31c8d0f1affdcd84396c6b915f91b8fc) Importer(815301076,1909f56bfc062723c751e8b465ee728b)  -> (artifact id: '01ed5e7c871a6b9c731e435bf759ddf4') in 0.077196 seconds 
========================================================================
Received Import Request.
  Time since last request: 73.645983 seconds.
  path: Assets/Tiles/tilesheetmain.png
  artifactKey: Guid(31c8d0f1affdcd84396c6b915f91b8fc) Importer(815301076,1909f56bfc062723c751e8b465ee728b)
Start importing Assets/Tiles/tilesheetmain.png using Guid(31c8d0f1affdcd84396c6b915f91b8fc) Importer(815301076,1909f56bfc062723c751e8b465ee728b)  -> (artifact id: '4398f13a6471e56fb6db6ee03761f0ba') in 0.102682 seconds 
========================================================================
Received Import Request.
  Time since last request: 1017.183859 seconds.
  path: Assets/Tiles/tilesheetmain_1.asset
  artifactKey: Guid(ae241a06aeedc60488767d7499425869) Importer(815301076,1909f56bfc062723c751e8b465ee728b)
Start importing Assets/Tiles/tilesheetmain_1.asset using Guid(ae241a06aeedc60488767d7499425869) Importer(815301076,1909f56bfc062723c751e8b465ee728b)  -> (artifact id: 'c0b3aedca979c72bbd0dc5cd9a8ff089') in 0.060586 seconds 
========================================================================
Received Import Request.
  Time since last request: 0.000028 seconds.
  path: Assets/Tiles/tilesheetmain_5.asset
  artifactKey: Guid(5ed72b2d35cffdd4a8b7e4529326d687) Importer(815301076,1909f56bfc062723c751e8b465ee728b)
Start importing Assets/Tiles/tilesheetmain_5.asset using Guid(5ed72b2d35cffdd4a8b7e4529326d687) Importer(815301076,1909f56bfc062723c751e8b465ee728b)  -> (artifact id: '3c9232d45e24f41d7106446c5c7c62ed') in 0.038487 seconds 
========================================================================
Received Import Request.
  Time since last request: 0.000052 seconds.
  path: Assets/Tiles/tilesheetmain_3.asset
  artifactKey: Guid(50741fb96b61d2945a6adb1276d77ab5) Importer(815301076,1909f56bfc062723c751e8b465ee728b)
Start importing Assets/Tiles/tilesheetmain_3.asset using Guid(50741fb96b61d2945a6adb1276d77ab5) Importer(815301076,1909f56bfc062723c751e8b465ee728b)  -> (artifact id: '99d2847b56615ce59bcbae45e8fe457e') in 0.027410 seconds 
========================================================================
Received Import Request.
  Time since last request: 6.591661 seconds.
  path: Assets/Tiles/tilesheetmain_0.asset
  artifactKey: Guid(48bbbb306d9bf20439612cd5df26336e) Importer(815301076,1909f56bfc062723c751e8b465ee728b)
Start importing Assets/Tiles/tilesheetmain_0.asset using Guid(48bbbb306d9bf20439612cd5df26336e) Importer(815301076,1909f56bfc062723c751e8b465ee728b)  -> (artifact id: 'e72f02960641aa937d48eab8b8555b95') in 0.005116 seconds 
========================================================================
Received Import Request.
  Time since last request: 0.000020 seconds.
  path: Assets/Tiles/tilesheetmain_5.asset
  artifactKey: Guid(5ed72b2d35cffdd4a8b7e4529326d687) Importer(815301076,1909f56bfc062723c751e8b465ee728b)
Start importing Assets/Tiles/tilesheetmain_5.asset using Guid(5ed72b2d35cffdd4a8b7e4529326d687) Importer(815301076,1909f56bfc062723c751e8b465ee728b)  -> (artifact id: 'c0328873a080bfbc131a398ccc5c76eb') in 0.004805 seconds 
========================================================================
Received Import Request.
  Time since last request: 0.000031 seconds.
  path: Assets/Tiles/tilesheetmain_7.asset
  artifactKey: Guid(85e6b26cb1ef45f4bb0a81baf068abcf) Importer(815301076,1909f56bfc062723c751e8b465ee728b)
Start importing Assets/Tiles/tilesheetmain_7.asset using Guid(85e6b26cb1ef45f4bb0a81baf068abcf) Importer(815301076,1909f56bfc062723c751e8b465ee728b)  -> (artifact id: '0259199e526c2939cb071d3ad66ec103') in 0.038300 seconds 
========================================================================
Received Import Request.
  Time since last request: 0.000024 seconds.
  path: Assets/Tiles/tilesheetmain_8.asset
  artifactKey: Guid(9ef59a3f1efd0144fbf0a8c47b977095) Importer(815301076,1909f56bfc062723c751e8b465ee728b)
Start importing Assets/Tiles/tilesheetmain_8.asset using Guid(9ef59a3f1efd0144fbf0a8c47b977095) Importer(815301076,1909f56bfc062723c751e8b465ee728b)  -> (artifact id: 'bc080d2cfad103bc600b8e62921dc7ca') in 0.020058 seconds 
========================================================================
Received Import Request.
  Time since last request: 0.000022 seconds.
  path: Assets/Tiles/tilesheetmain_1.asset
  artifactKey: Guid(ae241a06aeedc60488767d7499425869) Importer(815301076,1909f56bfc062723c751e8b465ee728b)
Start importing Assets/Tiles/tilesheetmain_1.asset using Guid(ae241a06aeedc60488767d7499425869) Importer(815301076,1909f56bfc062723c751e8b465ee728b)  -> (artifact id: '0923117a383c81f097ee728d3231be34') in 0.009589 seconds 
========================================================================
Received Import Request.
  Time since last request: 0.000040 seconds.
  path: Assets/Tiles/tilesheetmain_6.asset
  artifactKey: Guid(0204c1fd563116242ade6c6581e545b7) Importer(815301076,1909f56bfc062723c751e8b465ee728b)
Start importing Assets/Tiles/tilesheetmain_6.asset using Guid(0204c1fd563116242ade6c6581e545b7) Importer(815301076,1909f56bfc062723c751e8b465ee728b)  -> (artifact id: 'afed7875df093e85ae98fae2be245287') in 0.016033 seconds 
========================================================================
Received Import Request.
  Time since last request: 0.000029 seconds.
  path: Assets/Tiles/tilesheetmain_4.asset
  artifactKey: Guid(c3b7231668862d042b8e241c91a3bbf9) Importer(815301076,1909f56bfc062723c751e8b465ee728b)
Start importing Assets/Tiles/tilesheetmain_4.asset using Guid(c3b7231668862d042b8e241c91a3bbf9) Importer(815301076,1909f56bfc062723c751e8b465ee728b)  -> (artifact id: '8ad6d1528ab03ef1a6579cbcfd042d25') in 0.005253 seconds 
========================================================================
Received Import Request.
  Time since last request: 0.000029 seconds.
  path: Assets/Tiles/tilesheetmain_2.asset
  artifactKey: Guid(129cafcd8de456e41a5bbc30ecc05e36) Importer(815301076,1909f56bfc062723c751e8b465ee728b)
Start importing Assets/Tiles/tilesheetmain_2.asset using Guid(129cafcd8de456e41a5bbc30ecc05e36) Importer(815301076,1909f56bfc062723c751e8b465ee728b)  -> (artifact id: '8c171321a9eae7adac26ffec9b463373') in 0.006101 seconds 
========================================================================
Received Import Request.
  Time since last request: 0.000028 seconds.
  path: Assets/Tiles/tilesheetmain_3.asset
  artifactKey: Guid(50741fb96b61d2945a6adb1276d77ab5) Importer(815301076,1909f56bfc062723c751e8b465ee728b)
Start importing Assets/Tiles/tilesheetmain_3.asset using Guid(50741fb96b61d2945a6adb1276d77ab5) Importer(815301076,1909f56bfc062723c751e8b465ee728b)  -> (artifact id: '1b1cf663168a821b72b68259ec9e6ee7') in 0.005932 seconds 
========================================================================
Received Import Request.
  Time since last request: 0.000033 seconds.
  path: Assets/Tiles/tilesheetmain_9.asset
  artifactKey: Guid(76a89a67297f9bb44957a430948c2527) Importer(815301076,1909f56bfc062723c751e8b465ee728b)
Start importing Assets/Tiles/tilesheetmain_9.asset using Guid(76a89a67297f9bb44957a430948c2527) Importer(815301076,1909f56bfc062723c751e8b465ee728b)  -> (artifact id: 'deb11ae16ad43729a1c8c2b0d9806244') in 0.009903 seconds 
========================================================================
Received Import Request.
  Time since last request: 40.733676 seconds.
  path: Assets/Tiles/tilesheetmain 1_0.asset
  artifactKey: Guid(da6254c08f7a4e34b838e17b05dbf732) Importer(815301076,1909f56bfc062723c751e8b465ee728b)
Start importing Assets/Tiles/tilesheetmain 1_0.asset using Guid(da6254c08f7a4e34b838e17b05dbf732) Importer(815301076,1909f56bfc062723c751e8b465ee728b)  -> (artifact id: 'acd78bdcb72b403263bd68048dce28db') in 0.014471 seconds 
========================================================================
Received Import Request.
  Time since last request: 0.000024 seconds.
  path: Assets/Tiles/tilesheetmain 1_7.asset
  artifactKey: Guid(dc76817360b2d8b48a43674452fc82a0) Importer(815301076,1909f56bfc062723c751e8b465ee728b)
Start importing Assets/Tiles/tilesheetmain 1_7.asset using Guid(dc76817360b2d8b48a43674452fc82a0) Importer(815301076,1909f56bfc062723c751e8b465ee728b)  -> (artifact id: 'a308162724da138e595fa8b178010c80') in 0.017567 seconds 
========================================================================
Received Import Request.
  Time since last request: 0.000029 seconds.
  path: Assets/Tiles/tilesheetmain 1_3.asset
  artifactKey: Guid(94264fc5d9abdcc448dd702cbb715393) Importer(815301076,1909f56bfc062723c751e8b465ee728b)
Start importing Assets/Tiles/tilesheetmain 1_3.asset using Guid(94264fc5d9abdcc448dd702cbb715393) Importer(815301076,1909f56bfc062723c751e8b465ee728b)  -> (artifact id: '55359d13f95328674b306f659ea1c1f4') in 0.014126 seconds 
========================================================================
Received Import Request.
  Time since last request: 0.000028 seconds.
  path: Assets/Tiles/tilesheetmain 1_6.asset
  artifactKey: Guid(68fb70460d5611546be40869d300ba4a) Importer(815301076,1909f56bfc062723c751e8b465ee728b)
Start importing Assets/Tiles/tilesheetmain 1_6.asset using Guid(68fb70460d5611546be40869d300ba4a) Importer(815301076,1909f56bfc062723c751e8b465ee728b)  -> (artifact id: '073a442ad62e9a2739a20553f86a461a') in 0.031969 seconds 
========================================================================
Received Import Request.
  Time since last request: 0.000026 seconds.
  path: Assets/Tiles/tilesheetmain 1_2.asset
  artifactKey: Guid(1f917f158f5d67c448c469d2e63306c1) Importer(815301076,1909f56bfc062723c751e8b465ee728b)
Start importing Assets/Tiles/tilesheetmain 1_2.asset using Guid(1f917f158f5d67c448c469d2e63306c1) Importer(815301076,1909f56bfc062723c751e8b465ee728b)  -> (artifact id: '4f99950b3e0751a8cfe3618d3937ecec') in 0.015988 seconds 
Editor requested this worker to shutdown with reason: Scaling down because of idle timeout
AssetImportWorker is now disconnected from the server
Process exiting
Exiting without the bug reporter. Application will terminate with return code 0