Using pre-set license
Built from '2022.1/staging' branch; Version is '2022.1.16f1 (7321c9670bc2) revision 7545289'; Using compiler version '192829333'; Build Type 'Release'
OS: 'Windows 10  (10.0.19045) 64bit Education' Language: 'en' Physical Memory: 8117 MB
BatchMode: 1, IsHumanControllingUs: 0, StartBugReporterOnCrash: 0, Is64bit: 1, IsPro: 1

COMMAND LINE ARGUMENTS:
C:\Program Files\Unity\Hub\Editor\2022.1.16f1\Editor\Unity.exe
-adb2
-batchMode
-noUpm
-name
AssetImportWorker5
-projectPath
D:/FMP/FMP game
-logFile
Logs/AssetImportWorker5.log
-srvPort
59614
Successfully changed project path to: D:/FMP/FMP game
D:/FMP/FMP game
[UnityMemory] Configuration Parameters - Can be set up in boot.config
    "memorysetup-bucket-allocator-granularity=16"
    "memorysetup-bucket-allocator-bucket-count=8"
    "memorysetup-bucket-allocator-block-size=33554432"
    "memorysetup-bucket-allocator-block-count=8"
    "memorysetup-main-allocator-block-size=16777216"
    "memorysetup-thread-allocator-block-size=16777216"
    "memorysetup-gfx-main-allocator-block-size=16777216"
    "memorysetup-gfx-thread-allocator-block-size=16777216"
    "memorysetup-cache-allocator-block-size=4194304"
    "memorysetup-typetree-allocator-block-size=2097152"
    "memorysetup-profiler-bucket-allocator-granularity=16"
    "memorysetup-profiler-bucket-allocator-bucket-count=8"
    "memorysetup-profiler-bucket-allocator-block-size=33554432"
    "memorysetup-profiler-bucket-allocator-block-count=8"
    "memorysetup-profiler-allocator-block-size=16777216"
    "memorysetup-profiler-editor-allocator-block-size=1048576"
    "memorysetup-temp-allocator-size-main=16777216"
    "memorysetup-job-temp-allocator-block-size=2097152"
    "memorysetup-job-temp-allocator-block-size-background=1048576"
    "memorysetup-job-temp-allocator-reduction-small-platforms=262144"
    "memorysetup-temp-allocator-size-background-worker=32768"
    "memorysetup-temp-allocator-size-job-worker=262144"
    "memorysetup-temp-allocator-size-preload-manager=33554432"
    "memorysetup-temp-allocator-size-nav-mesh-worker=65536"
    "memorysetup-temp-allocator-size-audio-worker=65536"
    "memorysetup-temp-allocator-size-cloud-worker=32768"
    "memorysetup-temp-allocator-size-gi-baking-worker=262144"
    "memorysetup-temp-allocator-size-gfx=262144"
Refreshing native plugins compatible for Editor in 101.05 ms, found 4 plugins.
Preloading 0 native plugins for Editor in 0.00 ms.
Initialize engine version: 2022.1.16f1 (7321c9670bc2)
[Subsystems] Discovering subsystems at path C:/Program Files/Unity/Hub/Editor/2022.1.16f1/Editor/Data/Resources/UnitySubsystems
[Subsystems] Discovering subsystems at path D:/FMP/FMP game/Assets
GfxDevice: creating device client; threaded=0; jobified=0
Direct3D:
    Version:  Direct3D 11.0 [level 11.1]
    Renderer: NVIDIA GeForce GTX 1650 (ID=0x2188)
    Vendor:   NVIDIA
    VRAM:     3962 MB
    Driver:   31.0.15.1694
Initialize mono
Mono path[0] = 'C:/Program Files/Unity/Hub/Editor/2022.1.16f1/Editor/Data/Managed'
Mono path[1] = 'C:/Program Files/Unity/Hub/Editor/2022.1.16f1/Editor/Data/MonoBleedingEdge/lib/mono/unityjit-win32'
Mono config path = 'C:/Program Files/Unity/Hub/Editor/2022.1.16f1/Editor/Data/MonoBleedingEdge/etc'
Using monoOptions --debugger-agent=transport=dt_socket,embedding=1,server=y,suspend=n,address=127.0.0.1:56156
Begin MonoManager ReloadAssembly
Registering precompiled unity dll's ...
Register platform support module: C:/Program Files/Unity/Hub/Editor/2022.1.16f1/Editor/Data/PlaybackEngines/WebGLSupport/UnityEditor.WebGL.Extensions.dll
Register platform support module: C:/Program Files/Unity/Hub/Editor/2022.1.16f1/Editor/Data/PlaybackEngines/MacStandaloneSupport/UnityEditor.OSXStandalone.Extensions.dll
Register platform support module: C:/Program Files/Unity/Hub/Editor/2022.1.16f1/Editor/Data/PlaybackEngines/AndroidPlayer/UnityEditor.Android.Extensions.dll
Register platform support module: C:/Program Files/Unity/Hub/Editor/2022.1.16f1/Editor/Data/PlaybackEngines/iOSSupport/UnityEditor.iOS.Extensions.dll
Register platform support module: C:/Program Files/Unity/Hub/Editor/2022.1.16f1/Editor/Data/PlaybackEngines/AppleTVSupport/UnityEditor.AppleTV.Extensions.dll
Register platform support module: C:/Program Files/Unity/Hub/Editor/2022.1.16f1/Editor/Data/PlaybackEngines/WindowsStandaloneSupport/UnityEditor.WindowsStandalone.Extensions.dll
Register platform support module: C:/Program Files/Unity/Hub/Editor/2022.1.16f1/Editor/Data/PlaybackEngines/LinuxStandaloneSupport/UnityEditor.LinuxStandalone.Extensions.dll
Register platform support module: C:/Program Files/Unity/Hub/Editor/2022.1.16f1/Editor/Data/PlaybackEngines/MetroSupport/UnityEditor.UWP.Extensions.dll
Registered in 0.018450 seconds.
Native extension for UWP target not found
Native extension for LinuxStandalone target not found
Native extension for WindowsStandalone target not found
[usbmuxd] Start listen thread
[usbmuxd] Listen thread started
Native extension for AppleTV target not found
[usbmuxd] Start listen thread
[usbmuxd] Listen thread started
Native extension for iOS target not found
Native extension for Android target not found
Native extension for OSXStandalone target not found
Native extension for WebGL target not found
Refreshing native plugins compatible for Editor in 122.41 ms, found 4 plugins.
Preloading 0 native plugins for Editor in 0.00 ms.
Mono: successfully reloaded assembly
- Completed reload, in  0.935 seconds
Domain Reload Profiling:
	ReloadAssembly (936ms)
		BeginReloadAssembly (92ms)
			ExecutionOrderSort (0ms)
			DisableScriptedObjects (0ms)
			BackupInstance (0ms)
			ReleaseScriptingObjects (0ms)
			CreateAndSetChildDomain (1ms)
		EndReloadAssembly (704ms)
			LoadAssemblies (93ms)
			RebuildTransferFunctionScriptingTraits (0ms)
			SetupTypeCache (178ms)
				TypeCache.Initialize (177ms)
					TypeCache.ScanAssembly (175ms)
				ResolveRequiredComponents (1ms)
			ReleaseScriptCaches (0ms)
			RebuildScriptCaches (31ms)
			SetupLoadedEditorAssemblies (415ms)
				LogAssemblyErrors (0ms)
				InitializePlatformSupportModulesInManaged (90ms)
				SetLoadedEditorAssemblies (9ms)
				RefreshPlugins (123ms)
				BeforeProcessingInitializeOnLoad (2ms)
				ProcessInitializeOnLoadAttributes (134ms)
				ProcessInitializeOnLoadMethodAttributes (59ms)
				AfterProcessingInitializeOnLoad (0ms)
				EditorAssembliesLoaded (0ms)
			ExecutionOrderSort2 (0ms)
			AwakeInstancesAfterBackupRestoration (0ms)
Platform modules already initialized, skipping
Registering precompiled user dll's ...
Registered in 0.005718 seconds.
Begin MonoManager ReloadAssembly
Symbol file LoadedFromMemory doesn't match image D:\FMP\FMP game\Library\PackageCache\com.unity.visualscripting@1.7.8\Editor\VisualScripting.Core\Dependencies\YamlDotNet\Unity.VisualScripting.YamlDotNet.dll
Symbol file LoadedFromMemory doesn't match image D:\FMP\FMP game\Library\PackageCache\com.unity.visualscripting@1.7.8\Editor\VisualScripting.Core\Dependencies\DotNetZip\Unity.VisualScripting.IonicZip.dll
Native extension for UWP target not found
Native extension for LinuxStandalone target not found
Native extension for WindowsStandalone target not found
Native extension for AppleTV target not found
Native extension for iOS target not found
Native extension for Android target not found
Native extension for OSXStandalone target not found
Native extension for WebGL target not found
Refreshing native plugins compatible for Editor in 94.11 ms, found 4 plugins.
Preloading 0 native plugins for Editor in 0.00 ms.
Mono: successfully reloaded assembly
- Completed reload, in  1.196 seconds
Domain Reload Profiling:
	ReloadAssembly (1197ms)
		BeginReloadAssembly (137ms)
			ExecutionOrderSort (0ms)
			DisableScriptedObjects (5ms)
			BackupInstance (0ms)
			ReleaseScriptingObjects (0ms)
			CreateAndSetChildDomain (25ms)
		EndReloadAssembly (947ms)
			LoadAssemblies (102ms)
			RebuildTransferFunctionScriptingTraits (0ms)
			SetupTypeCache (230ms)
				TypeCache.Initialize (226ms)
					TypeCache.ScanAssembly (222ms)
				ResolveRequiredComponents (4ms)
			ReleaseScriptCaches (1ms)
			RebuildScriptCaches (47ms)
			SetupLoadedEditorAssemblies (537ms)
				LogAssemblyErrors (0ms)
				InitializePlatformSupportModulesInManaged (35ms)
				SetLoadedEditorAssemblies (6ms)
				RefreshPlugins (94ms)
				BeforeProcessingInitializeOnLoad (106ms)
				ProcessInitializeOnLoadAttributes (245ms)
				ProcessInitializeOnLoadMethodAttributes (37ms)
				AfterProcessingInitializeOnLoad (13ms)
				EditorAssembliesLoaded (0ms)
			ExecutionOrderSort2 (0ms)
			AwakeInstancesAfterBackupRestoration (5ms)
Platform modules already initialized, skipping
========================================================================
Worker process is ready to serve import requests
Launched and connected shader compiler UnityShaderCompiler.exe after 0.04 seconds
Refreshing native plugins compatible for Editor in 1.02 ms, found 4 plugins.
Preloading 0 native plugins for Editor in 0.00 ms.
Unloading 4103 Unused Serialized files (Serialized files now loaded: 0)
Unloading 39 unused Assets / (58.2 KB). Loaded Objects now: 4563.
Memory consumption went from 0.62 GB to 0.62 GB.
Total: 4.027700 ms (FindLiveObjects: 0.446300 ms CreateObjectMapping: 0.111700 ms MarkObjects: 3.376000 ms  DeleteObjects: 0.092600 ms)

AssetImportParameters requested are different than current active one (requested -> active):
  custom:video-decoder-ogg-theora: a1e56fd34408186e4bbccfd4996cb3dc -> 
  custom:container-muxer-webm: aa71ff27fc2769a1b78a27578f13a17b -> 
  custom:container-demuxer-webm: 4f35f7cbe854078d1ac9338744f61a02 -> 
  custom:video-encoder-webm-vp8: eb34c28f22e8b96e1ab97ce403110664 -> 
  custom:audio-encoder-webm-vorbis: bf7c407c2cedff20999df2af8eb42d56 -> 
  custom:framework-win-MediaFoundation: 216162199b28c13a410421893ffa2e32 -> 
  custom:container-demuxer-ogg: 62fdf1f143b41e24485cea50d1cbac27 -> 
  custom:video-decoder-webm-vp8: 9c59270c3fd7afecdb556c50c9e8de78 -> 
  custom:audio-decoder-ogg-vorbis: bf7c407c2cedff20999df2af8eb42d56 -> 
========================================================================
Received Import Request.
  Time since last request: 608955.709791 seconds.
  path: Assets/Tiles/tilesheetmain_13.asset
  artifactKey: Guid(fdcf714457b5ba2438cb601f29c039be) Importer(815301076,1909f56bfc062723c751e8b465ee728b)
Start importing Assets/Tiles/tilesheetmain_13.asset using Guid(fdcf714457b5ba2438cb601f29c039be) Importer(815301076,1909f56bfc062723c751e8b465ee728b)  -> (artifact id: '45364a4e32969b80991ae1df1622f5f1') in 0.056150 seconds 
========================================================================
Received Import Request.
  Time since last request: 38.984645 seconds.
  path: Assets/Tiles/tilesheetmain_0.asset
  artifactKey: Guid(48bbbb306d9bf20439612cd5df26336e) Importer(815301076,1909f56bfc062723c751e8b465ee728b)
Start importing Assets/Tiles/tilesheetmain_0.asset using Guid(48bbbb306d9bf20439612cd5df26336e) Importer(815301076,1909f56bfc062723c751e8b465ee728b)  -> (artifact id: '94c6c9edd6ec6095f1df1ac6bb411115') in 0.029648 seconds 
========================================================================
Received Import Request.
  Time since last request: 0.000022 seconds.
  path: Assets/Tiles/tilesheetmain_11.asset
  artifactKey: Guid(bfc62cbf3fdb0a84a81a2d510faa74bd) Importer(815301076,1909f56bfc062723c751e8b465ee728b)
Start importing Assets/Tiles/tilesheetmain_11.asset using Guid(bfc62cbf3fdb0a84a81a2d510faa74bd) Importer(815301076,1909f56bfc062723c751e8b465ee728b)  -> (artifact id: '0922f27eaa58726f92e1acaf88e67c1f') in 0.005157 seconds 
========================================================================
Received Import Request.
  Time since last request: 0.000025 seconds.
  path: Assets/Tiles/tilesheetmain_5.asset
  artifactKey: Guid(5ed72b2d35cffdd4a8b7e4529326d687) Importer(815301076,1909f56bfc062723c751e8b465ee728b)
Start importing Assets/Tiles/tilesheetmain_5.asset using Guid(5ed72b2d35cffdd4a8b7e4529326d687) Importer(815301076,1909f56bfc062723c751e8b465ee728b)  -> (artifact id: '78dd4f42c48018b4f139f319b6acd2f7') in 0.004433 seconds 
========================================================================
Received Import Request.
  Time since last request: 0.000023 seconds.
  path: Assets/Tiles/tilesheetmain_7.asset
  artifactKey: Guid(85e6b26cb1ef45f4bb0a81baf068abcf) Importer(815301076,1909f56bfc062723c751e8b465ee728b)
Start importing Assets/Tiles/tilesheetmain_7.asset using Guid(85e6b26cb1ef45f4bb0a81baf068abcf) Importer(815301076,1909f56bfc062723c751e8b465ee728b)  -> (artifact id: '94ff0d548692a83a27af670993138b42') in 0.004690 seconds 
========================================================================
Received Import Request.
  Time since last request: 0.000019 seconds.
  path: Assets/Tiles/tilesheetmain_6.asset
  artifactKey: Guid(0204c1fd563116242ade6c6581e545b7) Importer(815301076,1909f56bfc062723c751e8b465ee728b)
Start importing Assets/Tiles/tilesheetmain_6.asset using Guid(0204c1fd563116242ade6c6581e545b7) Importer(815301076,1909f56bfc062723c751e8b465ee728b)  -> (artifact id: 'd8080d7c9951329dd398e1c739bcff0c') in 0.007753 seconds 
========================================================================
Received Import Request.
  Time since last request: 0.000021 seconds.
  path: Assets/Tiles/tilesheetmain_3.asset
  artifactKey: Guid(50741fb96b61d2945a6adb1276d77ab5) Importer(815301076,1909f56bfc062723c751e8b465ee728b)
Start importing Assets/Tiles/tilesheetmain_3.asset using Guid(50741fb96b61d2945a6adb1276d77ab5) Importer(815301076,1909f56bfc062723c751e8b465ee728b)  -> (artifact id: '389dc4717f565575c0b2b40a90de269e') in 0.005210 seconds 
========================================================================
Received Import Request.
  Time since last request: 31.385992 seconds.
  path: Assets/Tiles/FMP tilesheet_2.asset
  artifactKey: Guid(24e14957707bfe448a97936a76e8017f) Importer(815301076,1909f56bfc062723c751e8b465ee728b)
Start importing Assets/Tiles/FMP tilesheet_2.asset using Guid(24e14957707bfe448a97936a76e8017f) Importer(815301076,1909f56bfc062723c751e8b465ee728b)  -> (artifact id: '7802e5cad67ba1253bb95b5101e7afcd') in 0.010891 seconds 
========================================================================
Received Import Request.
  Time since last request: 0.000023 seconds.
  path: Assets/Tiles/FMP tilesheet_5.asset
  artifactKey: Guid(fc1636b088071464a964fbf420facd40) Importer(815301076,1909f56bfc062723c751e8b465ee728b)
Start importing Assets/Tiles/FMP tilesheet_5.asset using Guid(fc1636b088071464a964fbf420facd40) Importer(815301076,1909f56bfc062723c751e8b465ee728b)  -> (artifact id: '96546730d3b494aba6830cf0bf982cd7') in 0.008389 seconds 
========================================================================
Received Import Request.
  Time since last request: 0.000026 seconds.
  path: Assets/Tiles/FMP tilesheet_8.asset
  artifactKey: Guid(62ab05bea1be6a44a9f4fd72432d8c58) Importer(815301076,1909f56bfc062723c751e8b465ee728b)
Start importing Assets/Tiles/FMP tilesheet_8.asset using Guid(62ab05bea1be6a44a9f4fd72432d8c58) Importer(815301076,1909f56bfc062723c751e8b465ee728b)  -> (artifact id: '17b5a365a9018884571613ca7834e9e8') in 0.009701 seconds 
========================================================================
Received Import Request.
  Time since last request: 0.000027 seconds.
  path: Assets/Tiles/FMP tilesheet_3.asset
  artifactKey: Guid(3b4807b3082a8774dac1db8599d573e6) Importer(815301076,1909f56bfc062723c751e8b465ee728b)
Start importing Assets/Tiles/FMP tilesheet_3.asset using Guid(3b4807b3082a8774dac1db8599d573e6) Importer(815301076,1909f56bfc062723c751e8b465ee728b)  -> (artifact id: '036af8f09663c3dad2662abaa3cc5314') in 0.009848 seconds 
Editor requested this worker to shutdown with reason: Scaling down because of idle timeout
AssetImportWorker is now disconnected from the server
Process exiting
Exiting without the bug reporter. Application will terminate with return code 0